android/app/build/intermediates/manifest_merge_blame_file/debug/manifest-merger-blame-debug-report.txt
1<?xml version="1.0" encoding="utf-8"?>
2<manifest xmlns:android="http://schemas.android.com/apk/res/android"
3    package="com.yourcompany.client"
4    android:versionCode="1"
5    android:versionName="1.0" >
6
7    <uses-sdk
8        android:minSdkVersion="21"
9        android:targetSdkVersion="35" />
10    <!--
11         The INTERNET permission is required for development. Specifically,
12         the Flutter tool needs it to communicate with the running application
13         to allow setting breakpoints, to provide hot reload, etc.
14    -->
15    <uses-permission android:name="android.permission.INTERNET" />
15-->src/main/AndroidManifest.xml:2:5-66
15-->src/main/AndroidManifest.xml:2:22-64
16    <uses-permission android:name="android.permission.ACCESS_FINE_LOCATION" />
16-->src/main/AndroidManifest.xml:3:5-78
16-->src/main/AndroidManifest.xml:3:22-76
17    <uses-permission android:name="android.permission.ACCESS_COARSE_LOCATION" />
17-->src/main/AndroidManifest.xml:4:5-80
17-->src/main/AndroidManifest.xml:4:22-78
18    <uses-permission android:name="android.permission.READ_MEDIA_IMAGES" />
18-->src/main/AndroidManifest.xml:5:5-75
18-->src/main/AndroidManifest.xml:5:22-73
19    <uses-permission android:name="android.permission.READ_EXTERNAL_STORAGE" />
19-->src/main/AndroidManifest.xml:6:5-79
19-->src/main/AndroidManifest.xml:6:22-77
20    <uses-permission android:name="android.permission.WRITE_EXTERNAL_STORAGE" />
20-->src/main/AndroidManifest.xml:7:5-80
20-->src/main/AndroidManifest.xml:7:22-78
21    <uses-permission android:name="android.permission.MANAGE_EXTERNAL_STORAGE" />
21-->src/main/AndroidManifest.xml:8:5-81
21-->src/main/AndroidManifest.xml:8:22-79
22    <uses-permission android:name="android.permission.CAMERA" />
22-->src/main/AndroidManifest.xml:9:5-64
22-->src/main/AndroidManifest.xml:9:22-62
23
24    <uses-feature
24-->src/main/AndroidManifest.xml:11:5-84
25        android:name="android.hardware.camera"
25-->src/main/AndroidManifest.xml:11:19-57
26        android:required="false" />
26-->src/main/AndroidManifest.xml:11:58-82
27    <uses-feature
27-->src/main/AndroidManifest.xml:12:5-94
28        android:name="android.hardware.location.network"
28-->src/main/AndroidManifest.xml:12:19-67
29        android:required="false" />
29-->src/main/AndroidManifest.xml:12:68-92
30    <uses-feature
30-->src/main/AndroidManifest.xml:13:5-90
31        android:name="android.hardware.location.gps"
31-->src/main/AndroidManifest.xml:13:19-63
32        android:required="false" />
32-->src/main/AndroidManifest.xml:13:64-88
33
34    <queries>
34-->src/main/AndroidManifest.xml:54:5-59:15
35        <intent>
35-->src/main/AndroidManifest.xml:55:9-58:18
36            <action android:name="android.intent.action.PROCESS_TEXT" />
36-->src/main/AndroidManifest.xml:56:13-72
36-->src/main/AndroidManifest.xml:56:21-70
37
38            <data android:mimeType="text/plain" />
38-->src/main/AndroidManifest.xml:57:13-50
38-->src/main/AndroidManifest.xml:57:19-48
39        </intent>
40        <!-- Needs to be explicitly declared on Android R+ -->
41        <package android:name="com.google.android.apps.maps" />
41-->[com.google.android.gms:play-services-maps:18.2.0] AndroidManifest.xml:33:9-64
41-->[com.google.android.gms:play-services-maps:18.2.0] AndroidManifest.xml:33:18-61
42    </queries> <!-- Include required permissions for Google Maps API to run. -->
43    <uses-permission android:name="android.permission.ACCESS_NETWORK_STATE" />
43-->[com.google.android.gms:play-services-maps:18.2.0] AndroidManifest.xml:23:5-79
43-->[com.google.android.gms:play-services-maps:18.2.0] AndroidManifest.xml:23:22-76
44
45    <uses-feature
45-->[com.google.android.gms:play-services-maps:18.2.0] AndroidManifest.xml:26:5-28:35
46        android:glEsVersion="0x00020000"
46-->[com.google.android.gms:play-services-maps:18.2.0] AndroidManifest.xml:27:9-41
47        android:required="true" />
47-->[com.google.android.gms:play-services-maps:18.2.0] AndroidManifest.xml:28:9-32
48
49    <permission
49-->[androidx.core:core:1.13.1] AndroidManifest.xml:22:5-24:47
50        android:name="com.yourcompany.client.DYNAMIC_RECEIVER_NOT_EXPORTED_PERMISSION"
50-->[androidx.core:core:1.13.1] AndroidManifest.xml:23:9-81
51        android:protectionLevel="signature" />
51-->[androidx.core:core:1.13.1] AndroidManifest.xml:24:9-44
52
53    <uses-permission android:name="com.yourcompany.client.DYNAMIC_RECEIVER_NOT_EXPORTED_PERMISSION" />
53-->[androidx.core:core:1.13.1] AndroidManifest.xml:26:5-97
53-->[androidx.core:core:1.13.1] AndroidManifest.xml:26:22-94
54
55    <uses-feature
55-->[com.journeyapps:zxing-android-embedded:4.3.0] AndroidManifest.xml:28:5-30:36
56        android:name="android.hardware.camera.front"
56-->[com.journeyapps:zxing-android-embedded:4.3.0] AndroidManifest.xml:29:9-53
57        android:required="false" /> <!-- TODO replace above two with next line after Android 4.2 -->
57-->[com.journeyapps:zxing-android-embedded:4.3.0] AndroidManifest.xml:30:9-33
58    <!-- <uses-feature android:name="android.hardware.camera.any"/> -->
59    <uses-feature
59-->[com.journeyapps:zxing-android-embedded:4.3.0] AndroidManifest.xml:33:5-35:36
60        android:name="android.hardware.camera.autofocus"
60-->[com.journeyapps:zxing-android-embedded:4.3.0] AndroidManifest.xml:34:9-57
61        android:required="false" />
61-->[com.journeyapps:zxing-android-embedded:4.3.0] AndroidManifest.xml:35:9-33
62    <uses-feature
62-->[com.journeyapps:zxing-android-embedded:4.3.0] AndroidManifest.xml:36:5-38:36
63        android:name="android.hardware.camera.flash"
63-->[com.journeyapps:zxing-android-embedded:4.3.0] AndroidManifest.xml:37:9-53
64        android:required="false" />
64-->[com.journeyapps:zxing-android-embedded:4.3.0] AndroidManifest.xml:38:9-33
65    <uses-feature
65-->[com.journeyapps:zxing-android-embedded:4.3.0] AndroidManifest.xml:39:5-41:36
66        android:name="android.hardware.screen.landscape"
66-->[com.journeyapps:zxing-android-embedded:4.3.0] AndroidManifest.xml:40:9-57
67        android:required="false" />
67-->[com.journeyapps:zxing-android-embedded:4.3.0] AndroidManifest.xml:41:9-33
68    <uses-feature
68-->[com.journeyapps:zxing-android-embedded:4.3.0] AndroidManifest.xml:42:5-44:36
69        android:name="android.hardware.wifi"
69-->[com.journeyapps:zxing-android-embedded:4.3.0] AndroidManifest.xml:43:9-45
70        android:required="false" />
70-->[com.journeyapps:zxing-android-embedded:4.3.0] AndroidManifest.xml:44:9-33
71
72    <application
72-->src/main/AndroidManifest.xml:15:5-52:19
73        android:appComponentFactory="androidx.core.app.CoreComponentFactory"
73-->[androidx.core:core:1.13.1] AndroidManifest.xml:28:18-86
74        android:debuggable="true"
75        android:extractNativeLibs="true"
76        android:icon="@mipmap/ic_launcher"
76-->src/main/AndroidManifest.xml:17:9-43
77        android:label="client" >
77-->src/main/AndroidManifest.xml:16:9-31
78        <meta-data
78-->src/main/AndroidManifest.xml:18:9-20:70
79            android:name="com.google.android.geo.API_KEY"
79-->src/main/AndroidManifest.xml:19:13-58
80            android:value="AIzaSyAJFdHGhN7WNSAx8fOcLWEoI7WM6XVVZlE" />
80-->src/main/AndroidManifest.xml:20:13-68
81
82        <provider
82-->src/main/AndroidManifest.xml:22:9-30:20
83            android:name="androidx.core.content.FileProvider"
83-->src/main/AndroidManifest.xml:23:13-62
84            android:authorities="com.yourcompany.client.fileprovider"
84-->src/main/AndroidManifest.xml:24:13-70
85            android:exported="false"
85-->src/main/AndroidManifest.xml:26:13-37
86            android:grantUriPermissions="true" >
86-->src/main/AndroidManifest.xml:25:13-47
87            <meta-data
87-->src/main/AndroidManifest.xml:27:13-29:57
88                android:name="android.support.FILE_PROVIDER_PATHS"
88-->src/main/AndroidManifest.xml:28:17-67
89                android:resource="@xml/provider_paths" />
89-->src/main/AndroidManifest.xml:29:17-55
90        </provider>
91
92        <activity
92-->src/main/AndroidManifest.xml:32:9-47:20
93            android:name="com.yourcompany.client.MainActivity"
93-->src/main/AndroidManifest.xml:33:13-41
94            android:configChanges="orientation|keyboardHidden|keyboard|screenSize|smallestScreenSize|locale|layoutDirection|fontScale|screenLayout|density|uiMode"
94-->src/main/AndroidManifest.xml:37:13-163
95            android:exported="true"
95-->src/main/AndroidManifest.xml:34:13-36
96            android:hardwareAccelerated="true"
96-->src/main/AndroidManifest.xml:38:13-47
97            android:launchMode="singleTop"
97-->src/main/AndroidManifest.xml:35:13-43
98            android:theme="@style/LaunchTheme"
98-->src/main/AndroidManifest.xml:36:13-47
99            android:windowSoftInputMode="adjustResize" >
99-->src/main/AndroidManifest.xml:39:13-55
100            <meta-data
100-->src/main/AndroidManifest.xml:40:13-42:56
101                android:name="io.flutter.embedding.android.NormalTheme"
101-->src/main/AndroidManifest.xml:41:17-72
102                android:resource="@style/NormalTheme" />
102-->src/main/AndroidManifest.xml:42:17-54
103
104            <intent-filter>
104-->src/main/AndroidManifest.xml:43:13-46:29
105                <action android:name="android.intent.action.MAIN" />
105-->src/main/AndroidManifest.xml:44:17-68
105-->src/main/AndroidManifest.xml:44:25-66
106
107                <category android:name="android.intent.category.LAUNCHER" />
107-->src/main/AndroidManifest.xml:45:17-76
107-->src/main/AndroidManifest.xml:45:27-74
108            </intent-filter>
109        </activity>
110
111        <meta-data
111-->src/main/AndroidManifest.xml:49:9-51:32
112            android:name="flutterEmbedding"
112-->src/main/AndroidManifest.xml:50:13-44
113            android:value="2" />
113-->src/main/AndroidManifest.xml:51:13-30
114
115        <provider
115-->[:image_picker_android] AndroidManifest.xml:9:9-17:20
116            android:name="io.flutter.plugins.imagepicker.ImagePickerFileProvider"
116-->[:image_picker_android] AndroidManifest.xml:10:13-82
117            android:authorities="com.yourcompany.client.flutter.image_provider"
117-->[:image_picker_android] AndroidManifest.xml:11:13-74
118            android:exported="false"
118-->[:image_picker_android] AndroidManifest.xml:12:13-37
119            android:grantUriPermissions="true" >
119-->[:image_picker_android] AndroidManifest.xml:13:13-47
120            <meta-data
120-->src/main/AndroidManifest.xml:27:13-29:57
121                android:name="android.support.FILE_PROVIDER_PATHS"
121-->src/main/AndroidManifest.xml:28:17-67
122                android:resource="@xml/flutter_image_picker_file_paths" />
122-->src/main/AndroidManifest.xml:29:17-55
123        </provider> <!-- Trigger Google Play services to install the backported photo picker module. -->
124        <service
124-->[:image_picker_android] AndroidManifest.xml:19:9-31:19
125            android:name="com.google.android.gms.metadata.ModuleDependencies"
125-->[:image_picker_android] AndroidManifest.xml:20:13-78
126            android:enabled="false"
126-->[:image_picker_android] AndroidManifest.xml:21:13-36
127            android:exported="false" >
127-->[:image_picker_android] AndroidManifest.xml:22:13-37
128            <intent-filter>
128-->[:image_picker_android] AndroidManifest.xml:24:13-26:29
129                <action android:name="com.google.android.gms.metadata.MODULE_DEPENDENCIES" />
129-->[:image_picker_android] AndroidManifest.xml:25:17-94
129-->[:image_picker_android] AndroidManifest.xml:25:25-91
130            </intent-filter>
131
132            <meta-data
132-->[:image_picker_android] AndroidManifest.xml:28:13-30:36
133                android:name="photopicker_activity:0:required"
133-->[:image_picker_android] AndroidManifest.xml:29:17-63
134                android:value="" />
134-->[:image_picker_android] AndroidManifest.xml:30:17-33
135        </service> <!-- Needs to be explicitly declared on P+ -->
136        <uses-library
136-->[com.google.android.gms:play-services-maps:18.2.0] AndroidManifest.xml:39:9-41:40
137            android:name="org.apache.http.legacy"
137-->[com.google.android.gms:play-services-maps:18.2.0] AndroidManifest.xml:40:13-50
138            android:required="false" />
138-->[com.google.android.gms:play-services-maps:18.2.0] AndroidManifest.xml:41:13-37
139
140        <activity
140-->[com.google.android.gms:play-services-base:18.0.1] AndroidManifest.xml:20:9-22:45
141            android:name="com.google.android.gms.common.api.GoogleApiActivity"
141-->[com.google.android.gms:play-services-base:18.0.1] AndroidManifest.xml:20:19-85
142            android:exported="false"
142-->[com.google.android.gms:play-services-base:18.0.1] AndroidManifest.xml:22:19-43
143            android:theme="@android:style/Theme.Translucent.NoTitleBar" />
143-->[com.google.android.gms:play-services-base:18.0.1] AndroidManifest.xml:21:19-78
144
145        <meta-data
145-->[com.google.android.gms:play-services-basement:18.0.0] AndroidManifest.xml:21:9-23:69
146            android:name="com.google.android.gms.version"
146-->[com.google.android.gms:play-services-basement:18.0.0] AndroidManifest.xml:22:13-58
147            android:value="@integer/google_play_services_version" />
147-->[com.google.android.gms:play-services-basement:18.0.0] AndroidManifest.xml:23:13-66
148
149        <uses-library
149-->[androidx.window:window:1.2.0] AndroidManifest.xml:23:9-25:40
150            android:name="androidx.window.extensions"
150-->[androidx.window:window:1.2.0] AndroidManifest.xml:24:13-54
151            android:required="false" />
151-->[androidx.window:window:1.2.0] AndroidManifest.xml:25:13-37
152        <uses-library
152-->[androidx.window:window:1.2.0] AndroidManifest.xml:26:9-28:40
153            android:name="androidx.window.sidecar"
153-->[androidx.window:window:1.2.0] AndroidManifest.xml:27:13-51
154            android:required="false" />
154-->[androidx.window:window:1.2.0] AndroidManifest.xml:28:13-37
155
156        <provider
156-->[androidx.emoji2:emoji2:1.2.0] AndroidManifest.xml:24:9-32:20
157            android:name="androidx.startup.InitializationProvider"
157-->[androidx.emoji2:emoji2:1.2.0] AndroidManifest.xml:25:13-67
158            android:authorities="com.yourcompany.client.androidx-startup"
158-->[androidx.emoji2:emoji2:1.2.0] AndroidManifest.xml:26:13-68
159            android:exported="false" >
159-->[androidx.emoji2:emoji2:1.2.0] AndroidManifest.xml:27:13-37
160            <meta-data
160-->[androidx.emoji2:emoji2:1.2.0] AndroidManifest.xml:29:13-31:52
161                android:name="androidx.emoji2.text.EmojiCompatInitializer"
161-->[androidx.emoji2:emoji2:1.2.0] AndroidManifest.xml:30:17-75
162                android:value="androidx.startup" />
162-->[androidx.emoji2:emoji2:1.2.0] AndroidManifest.xml:31:17-49
163            <meta-data
163-->[androidx.lifecycle:lifecycle-process:2.7.0] AndroidManifest.xml:29:13-31:52
164                android:name="androidx.lifecycle.ProcessLifecycleInitializer"
164-->[androidx.lifecycle:lifecycle-process:2.7.0] AndroidManifest.xml:30:17-78
165                android:value="androidx.startup" />
165-->[androidx.lifecycle:lifecycle-process:2.7.0] AndroidManifest.xml:31:17-49
166            <meta-data
166-->[androidx.profileinstaller:profileinstaller:1.3.1] AndroidManifest.xml:29:13-31:52
167                android:name="androidx.profileinstaller.ProfileInstallerInitializer"
167-->[androidx.profileinstaller:profileinstaller:1.3.1] AndroidManifest.xml:30:17-85
168                android:value="androidx.startup" />
168-->[androidx.profileinstaller:profileinstaller:1.3.1] AndroidManifest.xml:31:17-49
169        </provider>
170
171        <receiver
171-->[androidx.profileinstaller:profileinstaller:1.3.1] AndroidManifest.xml:34:9-52:20
172            android:name="androidx.profileinstaller.ProfileInstallReceiver"
172-->[androidx.profileinstaller:profileinstaller:1.3.1] AndroidManifest.xml:35:13-76
173            android:directBootAware="false"
173-->[androidx.profileinstaller:profileinstaller:1.3.1] AndroidManifest.xml:36:13-44
174            android:enabled="true"
174-->[androidx.profileinstaller:profileinstaller:1.3.1] AndroidManifest.xml:37:13-35
175            android:exported="true"
175-->[androidx.profileinstaller:profileinstaller:1.3.1] AndroidManifest.xml:38:13-36
176            android:permission="android.permission.DUMP" >
176-->[androidx.profileinstaller:profileinstaller:1.3.1] AndroidManifest.xml:39:13-57
177            <intent-filter>
177-->[androidx.profileinstaller:profileinstaller:1.3.1] AndroidManifest.xml:40:13-42:29
178                <action android:name="androidx.profileinstaller.action.INSTALL_PROFILE" />
178-->[androidx.profileinstaller:profileinstaller:1.3.1] AndroidManifest.xml:41:17-91
178-->[androidx.profileinstaller:profileinstaller:1.3.1] AndroidManifest.xml:41:25-88
179            </intent-filter>
180            <intent-filter>
180-->[androidx.profileinstaller:profileinstaller:1.3.1] AndroidManifest.xml:43:13-45:29
181                <action android:name="androidx.profileinstaller.action.SKIP_FILE" />
181-->[androidx.profileinstaller:profileinstaller:1.3.1] AndroidManifest.xml:44:17-85
181-->[androidx.profileinstaller:profileinstaller:1.3.1] AndroidManifest.xml:44:25-82
182            </intent-filter>
183            <intent-filter>
183-->[androidx.profileinstaller:profileinstaller:1.3.1] AndroidManifest.xml:46:13-48:29
184                <action android:name="androidx.profileinstaller.action.SAVE_PROFILE" />
184-->[androidx.profileinstaller:profileinstaller:1.3.1] AndroidManifest.xml:47:17-88
184-->[androidx.profileinstaller:profileinstaller:1.3.1] AndroidManifest.xml:47:25-85
185            </intent-filter>
186            <intent-filter>
186-->[androidx.profileinstaller:profileinstaller:1.3.1] AndroidManifest.xml:49:13-51:29
187                <action android:name="androidx.profileinstaller.action.BENCHMARK_OPERATION" />
187-->[androidx.profileinstaller:profileinstaller:1.3.1] AndroidManifest.xml:50:17-95
187-->[androidx.profileinstaller:profileinstaller:1.3.1] AndroidManifest.xml:50:25-92
188            </intent-filter>
189        </receiver>
190
191        <activity
191-->[com.journeyapps:zxing-android-embedded:4.3.0] AndroidManifest.xml:47:9-53:63
192            android:name="com.journeyapps.barcodescanner.CaptureActivity"
192-->[com.journeyapps:zxing-android-embedded:4.3.0] AndroidManifest.xml:48:13-74
193            android:clearTaskOnLaunch="true"
193-->[com.journeyapps:zxing-android-embedded:4.3.0] AndroidManifest.xml:49:13-45
194            android:screenOrientation="sensorLandscape"
194-->[com.journeyapps:zxing-android-embedded:4.3.0] AndroidManifest.xml:50:13-56
195            android:stateNotNeeded="true"
195-->[com.journeyapps:zxing-android-embedded:4.3.0] AndroidManifest.xml:51:13-42
196            android:theme="@style/zxing_CaptureTheme"
196-->[com.journeyapps:zxing-android-embedded:4.3.0] AndroidManifest.xml:52:13-54
197            android:windowSoftInputMode="stateAlwaysHidden" />
197-->[com.journeyapps:zxing-android-embedded:4.3.0] AndroidManifest.xml:53:13-60
198    </application>
199
200</manifest>